Log file open, 02/03/17 10:28:28
LogInit:Display: Running engine for game: UnrealProj
LogPlatformFile: Not using cached read wrapper
LogInit:Display: RandInit(-240694136) SRandInit(-240694136).
LogTaskGraph: Started task graph with 5 named threads and 6 total threads with 1 sets of task threads.
LogStats: Stats thread started at 0.061781
LogPluginManager: Loaded Plugin Paper2D, From C:/Program Files/Epic Games/UE_4.14/Engine/Plugins/2D/Paper2D/Paper2D.uplugin
LogPluginManager: Loaded Plugin LightPropagationVolume, From C:/Program Files/Epic Games/UE_4.14/Engine/Plugins/Blendables/LightPropagationVolume/LightPropagationVolume.uplugin
LogPluginManager: Loaded Plugin BlankPlugin, From C:/Program Files/Epic Games/UE_4.14/Engine/Plugins/Developer/BlankPlugin/BlankPlugin.uplugin
LogPluginManager: Loaded Plugin CodeLiteSourceCodeAccess, From C:/Program Files/Epic Games/UE_4.14/Engine/Plugins/Developer/CodeLiteSourceCodeAccess/CodeLiteSourceCodeAccess.uplugin
LogPluginManager: Loaded Plugin GitSourceControl, From C:/Program Files/Epic Games/UE_4.14/Engine/Plugins/Developer/GitSourceControl/GitSourceControl.uplugin
LogPluginManager: Loaded Plugin KDevelopSourceCodeAccess, From C:/Program Files/Epic Games/UE_4.14/Engine/Plugins/Developer/KDevelopSourceCodeAccess/KDevelopSourceCodeAccess.uplugin
LogPluginManager: Loaded Plugin NullSourceCodeAccess, From C:/Program Files/Epic Games/UE_4.14/Engine/Plugins/Developer/NullSourceCodeAccess/NullSourceCodeAccess.uplugin
LogPluginManager: Loaded Plugin OneSkyLocalizationService, From C:/Program Files/Epic Games/UE_4.14/Engine/Plugins/Developer/OneSkyLocalizationService/OneSkyLocalizationService.uplugin
LogPluginManager: Loaded Plugin PerforceSourceControl, From C:/Program Files/Epic Games/UE_4.14/Engine/Plugins/Developer/PerforceSourceControl/PerforceSourceControl.uplugin
LogPluginManager: Loaded Plugin SubversionSourceControl, From C:/Program Files/Epic Games/UE_4.14/Engine/Plugins/Developer/SubversionSourceControl/SubversionSourceControl.uplugin
LogPluginManager: Loaded Plugin UObjectPlugin, From C:/Program Files/Epic Games/UE_4.14/Engine/Plugins/Developer/UObjectPlugin/UObjectPlugin.uplugin
LogPluginManager: Loaded Plugin VisualStudioSourceCodeAccess, From C:/Program Files/Epic Games/UE_4.14/Engine/Plugins/Developer/VisualStudioSourceCodeAccess/VisualStudioSourceCodeAccess.uplugin
LogPluginManager: Loaded Plugin XCodeSourceCodeAccess, From C:/Program Files/Epic Games/UE_4.14/Engine/Plugins/Developer/XCodeSourceCodeAccess/XCodeSourceCodeAccess.uplugin
LogPluginManager: Loaded Plugin AudioCapture, From C:/Program Files/Epic Games/UE_4.14/Engine/Plugins/Editor/AudioCapture/AudioCapture.uplugin
LogPluginManager: Loaded Plugin EpicSurvey, From C:/Program Files/Epic Games/UE_4.14/Engine/Plugins/Editor/EpicSurvey/EpicSurvey.uplugin
LogPluginManager: Loaded Plugin MacGraphicsSwitching, From C:/Program Files/Epic Games/UE_4.14/Engine/Plugins/Editor/MacGraphicsSwitching/MacGraphicsSwitching.uplugin
LogPluginManager: Loaded Plugin MobileLauncherProfileWizard, From C:/Program Files/Epic Games/UE_4.14/Engine/Plugins/Editor/MobileLauncherProfileWizard/MobileLauncherProfileWizard.uplugin
LogPluginManager: Loaded Plugin PluginBrowser, From C:/Program Files/Epic Games/UE_4.14/Engine/Plugins/Editor/PluginBrowser/PluginBrowser.uplugin
LogPluginManager: Loaded Plugin SpeedTreeImporter, From C:/Program Files/Epic Games/UE_4.14/Engine/Plugins/Editor/SpeedTreeImporter/SpeedTreeImporter.uplugin
LogPluginManager: Loaded Plugin SuperSearchEditor, From C:/Program Files/Epic Games/UE_4.14/Engine/Plugins/Editor/SuperSearchEditor/SuperSearchEditor.uplugin
LogPluginManager: Loaded Plugin AlembicImporter, From C:/Program Files/Epic Games/UE_4.14/Engine/Plugins/Experimental/AlembicImporter/AlembicImporter.uplugin
LogPluginManager: Loaded Plugin BlueprintStats, From C:/Program Files/Epic Games/UE_4.14/Engine/Plugins/Experimental/BlueprintStats/BlueprintStats.uplugin
LogPluginManager: Loaded Plugin CharacterAI, From C:/Program Files/Epic Games/UE_4.14/Engine/Plugins/Experimental/CharacterAI/CharacterAI.uplugin
LogPluginManager: Loaded Plugin CodeEditor, From C:/Program Files/Epic Games/UE_4.14/Engine/Plugins/Experimental/CodeEditor/CodeEditor.uplugin
LogPluginManager: Loaded Plugin CodeView, From C:/Program Files/Epic Games/UE_4.14/Engine/Plugins/Experimental/CodeView/CodeView.uplugin
LogPluginManager: Loaded Plugin HTML5Networking, From C:/Program Files/Epic Games/UE_4.14/Engine/Plugins/Experimental/HTML5Networking/HTML5Networking.uplugin
LogPluginManager: Loaded Plugin OSVR, From C:/Program Files/Epic Games/UE_4.14/Engine/Plugins/Experimental/OSVR/OSVR.uplugin
LogPluginManager: Loaded Plugin Phya, From C:/Program Files/Epic Games/UE_4.14/Engine/Plugins/Experimental/Phya/Phya.uplugin
LogPluginManager: Loaded Plugin SignificanceManager, From C:/Program Files/Epic Games/UE_4.14/Engine/Plugins/Experimental/SignificanceManager/SignificanceManager.uplugin
LogPluginManager: Loaded Plugin SimpleHMD, From C:/Program Files/Epic Games/UE_4.14/Engine/Plugins/Experimental/SimpleHMD/SimpleHMD.uplugin
LogPluginManager: Loaded Plugin StereoPanorama, From C:/Program Files/Epic Games/UE_4.14/Engine/Plugins/Experimental/StereoPanorama/StereoPanorama.uplugin
LogPluginManager: Loaded Plugin StructBox, From C:/Program Files/Epic Games/UE_4.14/Engine/Plugins/Experimental/StructBox/StructBox.uplugin
LogPluginManager: Loaded Plugin AndroidMedia, From C:/Program Files/Epic Games/UE_4.14/Engine/Plugins/Media/AndroidMedia/AndroidMedia.uplugin
LogPluginManager: Loaded Plugin AvfMedia, From C:/Program Files/Epic Games/UE_4.14/Engine/Plugins/Media/AvfMedia/AvfMedia.uplugin
LogPluginManager: Loaded Plugin MediaPlayerEditor, From C:/Program Files/Epic Games/UE_4.14/Engine/Plugins/Media/MediaPlayerEditor/MediaPlayerEditor.uplugin
LogPluginManager: Loaded Plugin WmfMedia, From C:/Program Files/Epic Games/UE_4.14/Engine/Plugins/Media/WmfMedia/WmfMedia.uplugin
LogPluginManager: Loaded Plugin MessagingDebugger, From C:/Program Files/Epic Games/UE_4.14/Engine/Plugins/Messaging/MessagingDebugger/MessagingDebugger.uplugin
LogPluginManager: Loaded Plugin TcpMessaging, From C:/Program Files/Epic Games/UE_4.14/Engine/Plugins/Messaging/TcpMessaging/TcpMessaging.uplugin
LogPluginManager: Loaded Plugin UdpMessaging, From C:/Program Files/Epic Games/UE_4.14/Engine/Plugins/Messaging/UdpMessaging/UdpMessaging.uplugin
LogPluginManager: Loaded Plugin LevelSequenceEditor, From C:/Program Files/Epic Games/UE_4.14/Engine/Plugins/MovieScene/LevelSequenceEditor/LevelSequenceEditor.uplugin
LogPluginManager: Loaded Plugin MatineeToLevelSequence, From C:/Program Files/Epic Games/UE_4.14/Engine/Plugins/MovieScene/MatineeToLevelSequence/MatineeToLevelSequence.uplugin
LogPluginManager: Loaded Plugin NetcodeUnitTest, From C:/Program Files/Epic Games/UE_4.14/Engine/Plugins/NetcodeUnitTest/NetcodeUnitTest/NetcodeUnitTest.uplugin
LogPluginManager: Loaded Plugin NUTUnrealEngine4, From C:/Program Files/Epic Games/UE_4.14/Engine/Plugins/NetcodeUnitTest/NUTUnrealEngine4/NUTUnrealEngine4.uplugin
LogPluginManager: Loaded Plugin OnlineSubsystemGameCircle, From C:/Program Files/Epic Games/UE_4.14/Engine/Plugins/Online/Android/OnlineSubsystemGameCircle/OnlineSubsystemGameCircle.uplugin
LogPluginManager: Loaded Plugin OnlineSubsystemGooglePlay, From C:/Program Files/Epic Games/UE_4.14/Engine/Plugins/Online/Android/OnlineSubsystemGooglePlay/OnlineSubsystemGooglePlay.uplugin
LogPluginManager: Loaded Plugin OnlineSubsystemIOS, From C:/Program Files/Epic Games/UE_4.14/Engine/Plugins/Online/IOS/OnlineSubsystemIOS/OnlineSubsystemIOS.uplugin
LogPluginManager: Loaded Plugin OnlineFramework, From C:/Program Files/Epic Games/UE_4.14/Engine/Plugins/Online/OnlineFramework/OnlineFramework.uplugin
LogPluginManager: Loaded Plugin OnlineSubsystem, From C:/Program Files/Epic Games/UE_4.14/Engine/Plugins/Online/OnlineSubsystem/OnlineSubsystem.uplugin
LogPluginManager: Loaded Plugin OnlineSubsystemAmazon, From C:/Program Files/Epic Games/UE_4.14/Engine/Plugins/Online/OnlineSubsystemAmazon/OnlineSubsystemAmazon.uplugin
LogPluginManager: Loaded Plugin OnlineSubsystemFacebook, From C:/Program Files/Epic Games/UE_4.14/Engine/Plugins/Online/OnlineSubsystemFacebook/OnlineSubsystemFacebook.uplugin
LogPluginManager: Loaded Plugin OnlineSubsystemNull, From C:/Program Files/Epic Games/UE_4.14/Engine/Plugins/Online/OnlineSubsystemNull/OnlineSubsystemNull.uplugin
LogPluginManager: Loaded Plugin OnlineSubsystemOculus, From C:/Program Files/Epic Games/UE_4.14/Engine/Plugins/Online/OnlineSubsystemOculus/OnlineSubsystemOculus.uplugin
LogPluginManager: Loaded Plugin OnlineSubsystemSteam, From C:/Program Files/Epic Games/UE_4.14/Engine/Plugins/Online/OnlineSubsystemSteam/OnlineSubsystemSteam.uplugin
LogPluginManager: Loaded Plugin OnlineSubsystemUtils, From C:/Program Files/Epic Games/UE_4.14/Engine/Plugins/Online/OnlineSubsystemUtils/OnlineSubsystemUtils.uplugin
LogPluginManager: Loaded Plugin IOSTapJoy, From C:/Program Files/Epic Games/UE_4.14/Engine/Plugins/Runtime/Advertising/IOSTapJoy/IOSTapJoy.uplugin
LogPluginManager: Loaded Plugin AnalyticsBlueprintLibrary, From C:/Program Files/Epic Games/UE_4.14/Engine/Plugins/Runtime/Analytics/AnalyticsBlueprintLibrary/AnalyticsBlueprintLibrary.uplugin
LogPluginManager: Loaded Plugin AnalyticsMulticast, From C:/Program Files/Epic Games/UE_4.14/Engine/Plugins/Runtime/Analytics/AnalyticsMulticast/AnalyticsMulticast.uplugin
LogPluginManager: Loaded Plugin Apsalar, From C:/Program Files/Epic Games/UE_4.14/Engine/Plugins/Runtime/Analytics/Apsalar/Apsalar.uplugin
LogPluginManager: Loaded Plugin FileLogging, From C:/Program Files/Epic Games/UE_4.14/Engine/Plugins/Runtime/Analytics/FileLogging/FileLogging.uplugin
LogPluginManager: Loaded Plugin Flurry, From C:/Program Files/Epic Games/UE_4.14/Engine/Plugins/Runtime/Analytics/Flurry/Flurry.uplugin
LogPluginManager: Loaded Plugin AndroidDeviceProfileSelector, From C:/Program Files/Epic Games/UE_4.14/Engine/Plugins/Runtime/AndroidDeviceProfileSelector/AndroidDeviceProfileSelector.uplugin
LogPluginManager: Loaded Plugin AndroidMoviePlayer, From C:/Program Files/Epic Games/UE_4.14/Engine/Plugins/Runtime/AndroidMoviePlayer/AndroidMoviePlayer.uplugin
LogPluginManager: Loaded Plugin AppleMoviePlayer, From C:/Program Files/Epic Games/UE_4.14/Engine/Plugins/Runtime/AppleMoviePlayer/AppleMoviePlayer.uplugin
LogPluginManager: Loaded Plugin ArchVisCharacter, From C:/Program Files/Epic Games/UE_4.14/Engine/Plugins/Runtime/ArchVisCharacter/ArchVisCharacter.uplugin
LogPluginManager: Loaded Plugin CableComponent, From C:/Program Files/Epic Games/UE_4.14/Engine/Plugins/Runtime/CableComponent/CableComponent.uplugin
LogPluginManager: Loaded Plugin CustomMeshComponent, From C:/Program Files/Epic Games/UE_4.14/Engine/Plugins/Runtime/CustomMeshComponent/CustomMeshComponent.uplugin
LogPluginManager: Loaded Plugin ExampleDeviceProfileSelector, From C:/Program Files/Epic Games/UE_4.14/Engine/Plugins/Runtime/ExampleDeviceProfileSelector/ExampleDeviceProfileSelector.uplugin
LogPluginManager: Loaded Plugin GearVR, From C:/Program Files/Epic Games/UE_4.14/Engine/Plugins/Runtime/GearVR/GearVR.uplugin
LogPluginManager: Loaded Plugin GoogleVRController, From C:/Program Files/Epic Games/UE_4.14/Engine/Plugins/Runtime/GoogleVR/GoogleVRController/GoogleVRController.uplugin
LogPluginManager: Loaded Plugin GoogleVRHMD, From C:/Program Files/Epic Games/UE_4.14/Engine/Plugins/Runtime/GoogleVR/GoogleVRHMD/GoogleVRHMD.uplugin
LogPluginManager: Loaded Plugin IOSDeviceProfileSelector, From C:/Program Files/Epic Games/UE_4.14/Engine/Plugins/Runtime/IOSDeviceProfileSelector/IOSDeviceProfileSelector.uplugin
LogPluginManager: Loaded Plugin LeapMotion, From C:/Program Files/Epic Games/UE_4.14/Engine/Plugins/Runtime/LeapMotion/LeapMotion.uplugin
LogPluginManager: Loaded Plugin LinuxDeviceProfileSelector, From C:/Program Files/Epic Games/UE_4.14/Engine/Plugins/Runtime/LinuxDeviceProfileSelector/LinuxDeviceProfileSelector.uplugin
LogPluginManager: Loaded Plugin MIDIDevice, From C:/Program Files/Epic Games/UE_4.14/Engine/Plugins/Runtime/MIDIDevice/MIDIDevice.uplugin
LogPluginManager: Loaded Plugin MobilePatchingUtils, From C:/Program Files/Epic Games/UE_4.14/Engine/Plugins/Runtime/MobilePatchingUtils/MobilePatchingUtils.uplugin
LogPluginManager: Loaded Plugin Ansel, From C:/Program Files/Epic Games/UE_4.14/Engine/Plugins/Runtime/Nvidia/Ansel/Ansel.uplugin
LogPluginManager: Loaded Plugin OculusAudio, From C:/Program Files/Epic Games/UE_4.14/Engine/Plugins/Runtime/OculusAudio/OculusAudio.uplugin
LogPluginManager: Loaded Plugin OculusInput, From C:/Program Files/Epic Games/UE_4.14/Engine/Plugins/Runtime/OculusInput/OculusInput.uplugin
LogPluginManager: Loaded Plugin OculusLibrary, From C:/Program Files/Epic Games/UE_4.14/Engine/Plugins/Runtime/OculusLibrary/OculusLibrary.uplugin
LogPluginManager: Loaded Plugin OculusRift, From C:/Program Files/Epic Games/UE_4.14/Engine/Plugins/Runtime/OculusRift/OculusRift.uplugin
LogPluginManager: Loaded Plugin Oodle, From C:/Program Files/Epic Games/UE_4.14/Engine/Plugins/Runtime/PacketHandlers/CompressionComponents/Oodle/Oodle.uplugin
LogPluginManager: Loaded Plugin ProceduralMeshComponent, From C:/Program Files/Epic Games/UE_4.14/Engine/Plugins/Runtime/ProceduralMeshComponent/ProceduralMeshComponent.uplugin
LogPluginManager: Loaded Plugin SoundMod, From C:/Program Files/Epic Games/UE_4.14/Engine/Plugins/Runtime/SoundMod/SoundMod.uplugin
LogPluginManager: Loaded Plugin SoundVisualizations, From C:/Program Files/Epic Games/UE_4.14/Engine/Plugins/Runtime/SoundVisualizations/SoundVisualizations.uplugin
LogPluginManager: Loaded Plugin SteamController, From C:/Program Files/Epic Games/UE_4.14/Engine/Plugins/Runtime/Steam/SteamController/SteamController.uplugin
LogPluginManager: Loaded Plugin SteamVR, From C:/Program Files/Epic Games/UE_4.14/Engine/Plugins/Runtime/Steam/SteamVR/SteamVR.uplugin
LogPluginManager: Loaded Plugin WebBrowserWidget, From C:/Program Files/Epic Games/UE_4.14/Engine/Plugins/Runtime/WebBrowserWidget/WebBrowserWidget.uplugin
LogPluginManager: Loaded Plugin WindowsDeviceProfileSelector, From C:/Program Files/Epic Games/UE_4.14/Engine/Plugins/Runtime/WindowsDeviceProfileSelector/WindowsDeviceProfileSelector.uplugin
LogPluginManager: Loaded Plugin WindowsMoviePlayer, From C:/Program Files/Epic Games/UE_4.14/Engine/Plugins/Runtime/WindowsMoviePlayer/WindowsMoviePlayer.uplugin
LogPluginManager: Loaded Plugin ScriptPlugin, From C:/Program Files/Epic Games/UE_4.14/Engine/Plugins/ScriptPlugin/ScriptPlugin.uplugin
LogPluginManager: Loaded Plugin SlateRemote, From C:/Program Files/Epic Games/UE_4.14/Engine/Plugins/Slate/SlateRemote/SlateRemote.uplugin
LogPluginManager: Loaded Plugin EditorTests, From C:/Program Files/Epic Games/UE_4.14/Engine/Plugins/Tests/EditorTests/EditorTests.uplugin
LogPluginManager: Loaded Plugin FbxAutomationTestBuilder, From C:/Program Files/Epic Games/UE_4.14/Engine/Plugins/Tests/FbxAutomationTestBuilder/FbxAutomationTestBuilder.uplugin
LogPluginManager: Loaded Plugin FunctionalTestingEditor, From C:/Program Files/Epic Games/UE_4.14/Engine/Plugins/Tests/FunctionalTestingEditor/FunctionalTestingEditor.uplugin
LogPluginManager: Loaded Plugin RuntimeTests, From C:/Program Files/Epic Games/UE_4.14/Engine/Plugins/Tests/RuntimeTests/RuntimeTests.uplugin
LogPluginManager: Loaded Plugin ScreenshotTools, From C:/Program Files/Epic Games/UE_4.14/Engine/Plugins/Tests/ScreenshotTools/ScreenshotTools.uplugin
LogInit: Using libcurl 7.47.1
LogInit:  - built for x86_64-pc-win32
LogInit:  - supports SSL with OpenSSL/1.0.2g
LogInit:  - supports HTTP deflate (compression) using libz 1.2.8
LogInit:  - other features:
LogInit:      CURL_VERSION_SSL
LogInit:      CURL_VERSION_LIBZ
LogInit:      CURL_VERSION_IPV6
LogInit:      CURL_VERSION_ASYNCHDNS
LogInit:      CURL_VERSION_LARGEFILE
LogInit:      CURL_VERSION_IDN
LogInit:  CurlRequestOptions (configurable via config and command line):
LogInit:  - bVerifyPeer = false  - Libcurl will NOT verify peer certificate
LogInit:  - bUseHttpProxy = false  - Libcurl will NOT use HTTP proxy
LogInit:  - bDontReuseConnections = false  - Libcurl will reuse connections
LogInit:  - CertBundlePath = nullptr  - Libcurl will use whatever was configured at build time.
LogInit: Build: ++UE4+Release-4.14-CL-3249277
LogInit: Engine Version: 4.14.3-3249277+++UE4+Release-4.14
LogInit: Compatible Engine Version: 4.14.0-3195953+++UE4+Release-4.14
LogInit: Net CL: 3195953
LogDevObjectVersion: Number of dev versions registered: 13
LogDevObjectVersion:   Dev-Blueprints (B0D832E4-1F89-4F0D-ACCF-7EB736FD4AA2): 7
LogDevObjectVersion:   Dev-Build (E1C64328-A22C-4D53-A36C-8E866417BD8C): 0
LogDevObjectVersion:   Dev-Core (375EC13C-06E4-48FB-B500-84F0262A717E): 1
LogDevObjectVersion:   Dev-Editor (E4B068ED-F494-42E9-A231-DA0B2E46BB41): 8
LogDevObjectVersion:   Dev-Framework (CFFC743F-43B0-4480-9391-14DF171D2073): 17
LogDevObjectVersion:   Dev-Mobile (B02B49B5-BB20-44E9-A304-32B752E40360): 0
LogDevObjectVersion:   Dev-Networking (A4E4105C-59A1-49B5-A7C5-40C4547EDFEE): 0
LogDevObjectVersion:   Dev-Online (39C831C9-5AE6-47DC-9A44-9C173E1C8E7C): 0
LogDevObjectVersion:   Dev-Physics (78F01B33-EBEA-4F98-B9B4-84EACCB95AA2): 0
LogDevObjectVersion:   Dev-Platform (6631380F-2D4D-43E0-8009-CF276956A95A): 0
LogDevObjectVersion:   Dev-Rendering (12F88B9F-8875-4AFC-A67C-D90C383ABD29): 12
LogDevObjectVersion:   Dev-Sequencer (7B5AE74C-D270-4C10-A958-57980B212A5A): 1
LogDevObjectVersion:   Dev-VR (D7296918-1DD6-4BDD-9DE2-64A83CC13884): 0
LogInit: Compiled (64-bit): Jan  6 2017 10:49:43
LogInit: Compiled with Visual C++: 19.00.23026.00
LogInit: Build Configuration: Development
LogInit: Branch Name: ++UE4+Release-4.14
LogInit: Command line: -EpicPortal 
LogInit: Base directory: C:/Program Files/Epic Games/UE_4.14/Engine/Binaries/Win64/
LogInit: Installed Engine Build: 1
LogInit: Presizing for max 8388607 objects, including 0 objects not considered by GC, pre-allocating 0 bytes for permanent pool.
LogInit: Object subsystem initialized
[2017.02.03-15.28.28:652][  0]LogInit: Selected Device Profile: [Windows]
[2017.02.03-15.28.28:652][  0]LogInit: Applying CVar settings loaded from the selected device profile: [Windows]
[2017.02.03-15.28.28:667][  0]LogInit: Computer: JT-LAPTOP
[2017.02.03-15.28.28:667][  0]LogInit: User: Joe
[2017.02.03-15.28.28:667][  0]LogInit: CPU Page size=65536, Cores=2
[2017.02.03-15.28.28:667][  0]LogInit: High frequency timer resolution =2.742188 MHz
[2017.02.03-15.28.28:667][  0]LogMemory: Memory total: Physical=7.9GB (8GB approx)
[2017.02.03-15.28.28:667][  0]LogMemory: Platform Memory Stats for Windows
[2017.02.03-15.28.28:667][  0]LogMemory: Process Physical Memory: 263.80 MB used, 263.80 MB peak
[2017.02.03-15.28.28:667][  0]LogMemory: Process Virtual Memory: 262.37 MB used, 262.37 MB peak
[2017.02.03-15.28.28:667][  0]LogMemory: Physical Memory: 4521.39 MB used,  3596.75 MB free, 8118.14 MB total
[2017.02.03-15.28.28:667][  0]LogMemory: Virtual Memory: 674.53 MB used,  3596.75 MB free, 134217728.00 MB total
[2017.02.03-15.28.28:690][  0]LogTextLocalizationManager: No specific translations for ('en-US') exist, so ('en') translations will be used.
[2017.02.03-15.28.29:275][  0]LogD3D11RHI: D3D11 adapters:
[2017.02.03-15.28.29:298][  0]LogD3D11RHI:    0. 'NVIDIA GeForce GPU' (Feature Level 11_0)
[2017.02.03-15.28.29:298][  0]LogD3D11RHI:       996/0/4059 MB DedicatedVideo/DedicatedSystem/SharedSystem, Outputs:1, VendorId:0x10de
[2017.02.03-15.28.29:304][  0]LogD3D11RHI:    1. 'Intel(R) HD Graphics 520' (Feature Level 11_0)
[2017.02.03-15.28.29:304][  0]LogD3D11RHI:       128/0/4059 MB DedicatedVideo/DedicatedSystem/SharedSystem, Outputs:0, VendorId:0x8086
[2017.02.03-15.28.29:306][  0]LogD3D11RHI:    2. 'Microsoft Basic Render Driver' (Feature Level 11_0)
[2017.02.03-15.28.29:306][  0]LogD3D11RHI:       0/0/4059 MB DedicatedVideo/DedicatedSystem/SharedSystem, Outputs:0, VendorId:0x1414
[2017.02.03-15.28.29:306][  0]LogD3D11RHI: Chosen D3D11 Adapter: 0
[2017.02.03-15.28.29:309][  0]LogD3D11RHI: Creating new Direct3DDevice
[2017.02.03-15.28.29:309][  0]LogD3D11RHI:     GPU DeviceId: 0x134b (for the marketing name, search the web for "GPU Device Id")
[2017.02.03-15.28.29:309][  0]LogWindows: EnumDisplayDevices:
[2017.02.03-15.28.29:310][  0]LogWindows:    0. 'Intel(R) HD Graphics 520' (P:1 D:1)
[2017.02.03-15.28.29:310][  0]LogWindows:    1. 'Intel(R) HD Graphics 520' (P:0 D:0)
[2017.02.03-15.28.29:310][  0]LogWindows:    2. 'Intel(R) HD Graphics 520' (P:0 D:0)
[2017.02.03-15.28.29:310][  0]LogWindows: DebugString: PrimaryIsNotTheChoosenAdapter PrimaryIsNotTheChoosenAdapter PrimaryIsNotTheChoosenAdapter FoundDriverCount:0 
[2017.02.03-15.28.29:310][  0]LogD3D11RHI:     Adapter Name: NVIDIA GeForce GPU
[2017.02.03-15.28.29:310][  0]LogD3D11RHI:   Driver Version: Unknown (internal:Unknown, unified:Unknown)
[2017.02.03-15.28.29:310][  0]LogD3D11RHI:      Driver Date: Unknown
[2017.02.03-15.28.29:310][  0]LogRHI: Texture pool is 697 MB (70% of 996 MB)
[2017.02.03-15.28.29:337][  0]LogD3D11RHI: Async texture creation enabled
[2017.02.03-15.28.29:350][  0]LogD3D11RHI: GPU Timing Frequency: 1000.000000 (Debug: 2 1)
[2017.02.03-15.28.29:352][  0]LogShaderCompilers: Guid format shader working directory is -20 characters bigger than the processId version (../../../../../../Users/Joe/Documents/Unreal Projects/UnrealProj/Intermediate/Shaders/WorkingDirectory/9000/).
[2017.02.03-15.28.29:353][  0]LogShaderCompilers: Cleaned the shader compiler working directory 'C:/Users/Joe/AppData/Local/Temp/UnrealShaderWorkingDir/38916AC342CF2B803D3E328BCC30EDD5/'.
[2017.02.03-15.28.29:353][  0]LogShaderCompilers:Display: Using Local Shader Compiler.
[2017.02.03-15.28.30:368][  0]LogTemp:Display: Loaded TP AllDesktopTargetPlatform
[2017.02.03-15.28.30:418][  0]LogTemp:Display: Loaded TP MacClientTargetPlatform
[2017.02.03-15.28.30:464][  0]LogTemp:Display: Loaded TP MacNoEditorTargetPlatform
[2017.02.03-15.28.30:511][  0]LogTemp:Display: Loaded TP MacServerTargetPlatform
[2017.02.03-15.28.30:559][  0]LogTemp:Display: Loaded TP MacTargetPlatform
[2017.02.03-15.28.30:606][  0]LogTemp:Display: Loaded TP WindowsClientTargetPlatform
[2017.02.03-15.28.30:653][  0]LogTemp:Display: Loaded TP WindowsNoEditorTargetPlatform
[2017.02.03-15.28.30:700][  0]LogTemp:Display: Loaded TP WindowsServerTargetPlatform
[2017.02.03-15.28.30:738][  0]LogTemp:Display: Loaded TP WindowsTargetPlatform
[2017.02.03-15.28.30:783][  0]LogTemp:Display: Loaded TP AndroidTargetPlatform
[2017.02.03-15.28.30:828][  0]LogTemp:Display: Loaded TP Android_ASTCTargetPlatform
[2017.02.03-15.28.30:872][  0]LogTemp:Display: Loaded TP Android_ATCTargetPlatform
[2017.02.03-15.28.30:917][  0]LogTemp:Display: Loaded TP Android_DXTTargetPlatform
[2017.02.03-15.28.30:962][  0]LogTemp:Display: Loaded TP Android_ETC1TargetPlatform
[2017.02.03-15.28.31:007][  0]LogTemp:Display: Loaded TP Android_ETC2TargetPlatform
[2017.02.03-15.28.31:106][  0]LogTemp:Display: Loaded TP Android_MultiTargetPlatform
[2017.02.03-15.28.31:106][  0]LogTemp:Display: Loaded TP Android_PVRTCTargetPlatform
[2017.02.03-15.28.31:159][  0]LogTemp:Display: Loaded TP HTML5TargetPlatform
[2017.02.03-15.28.31:243][  0]LogTemp:Display: Loaded TP IOSTargetPlatform
[2017.02.03-15.28.31:273][  0]LogTemp:Display: Loaded TP TVOSTargetPlatform
[2017.02.03-15.28.31:319][  0]LogTemp:Display: Loaded TP LinuxClientTargetPlatform
[2017.02.03-15.28.31:364][  0]LogTemp:Display: Loaded TP LinuxNoEditorTargetPlatform
[2017.02.03-15.28.31:408][  0]LogTemp:Display: Loaded TP LinuxServerTargetPlatform
[2017.02.03-15.28.31:454][  0]LogTemp:Display: Loaded TP LinuxTargetPlatform
[2017.02.03-15.28.31:454][  0]LogTargetPlatformManager:Display: Building Assets For Windows
[2017.02.03-15.28.31:782][  0]LogDerivedDataCache:Display: Max Cache Size: 512 MB
[2017.02.03-15.28.31:831][  0]LogDerivedDataCache: Loaded boot cache 0.05s 50MB C:/Users/Joe/AppData/Local/UnrealEngine/4.14/DerivedDataCache/Boot.ddc.
[2017.02.03-15.28.31:831][  0]LogDerivedDataCache:Display: Loaded Boot cache: C:/Users/Joe/AppData/Local/UnrealEngine/4.14/DerivedDataCache/Boot.ddc
[2017.02.03-15.28.31:831][  0]LogDerivedDataCache: FDerivedDataBackendGraph:  Pak pak cache file ../../../../../../Users/Joe/Documents/Unreal Projects/UnrealProj/DerivedDataCache/DDC.ddp not found, will not use a pak cache.
[2017.02.03-15.28.31:831][  0]LogDerivedDataCache: Unable to find inner node Pak for hierarchical cache Hierarchy.
[2017.02.03-15.28.31:831][  0]LogDerivedDataCache: FDerivedDataBackendGraph:  CompressedPak pak cache file ../../../../../../Users/Joe/Documents/Unreal Projects/UnrealProj/DerivedDataCache/Compressed.ddp not found, will not use a pak cache.
[2017.02.03-15.28.31:831][  0]LogDerivedDataCache: Unable to find inner node CompressedPak for hierarchical cache Hierarchy.
[2017.02.03-15.28.31:846][  0]LogDerivedDataCache:Display: Pak cache opened for reading ../../../Engine/DerivedDataCache/Compressed.ddp.
[2017.02.03-15.28.31:858][  0]LogDerivedDataCache: Using Local data cache path C:/Users/Joe/AppData/Local/UnrealEngine/Common/DerivedDataCache: Writable
[2017.02.03-15.28.32:039][  0]LogInit: Selected Device Profile: [Windows]
[2017.02.03-15.28.32:042][  0]LogContentStreaming: Texture pool size is 0.00 MB
[2017.02.03-15.28.32:218][  0]LogMeshUtilities: Using QuadricMeshReduction for automatic static mesh reduction
[2017.02.03-15.28.32:254][  0]LogSimplygon: Simplygon DLL not present - disabling.
[2017.02.03-15.28.32:292][  0]LogMeshUtilities: Using SimplygonSwarm for distributed automatic mesh merging
[2017.02.03-15.28.32:293][  0]LogMeshUtilities: No automatic skeletal mesh reduction module available
[2017.02.03-15.28.32:293][  0]LogMeshUtilities: No automatic mesh merging module available
[2017.02.03-15.28.32:830][  0]LogNetVersion: GetLocalNetworkVersion: CL: 3195953, ProjectName: unrealproj, ProjectVersion: , EngineNetworkVersion: 2, GameNetworkVersion: 0, NetworkChecksum: 1273765117
[2017.02.03-15.28.32:887][  0]LogAssetRegistry: FAssetRegistry took 0.0223 seconds to start up
[2017.02.03-15.28.32:947][  0]LogPackageLocalizationCache: Processed 3 localized package path(s) for 2 prioritized culture(s) in 0.034937 seconds
[2017.02.03-15.28.32:954][  0]LogUObjectArray: 31946 objects as part of root set at end of initial load.
[2017.02.03-15.28.32:954][  0]LogUObjectAllocator: 6935840 out of 0 bytes used by permanent object pool.
[2017.02.03-15.28.32:954][  0]LogUObjectArray: CloseDisregardForGC: 0/0 objects in disregard for GC pool
[2017.02.03-15.28.33:006][  0]LogInit: WinSock: version 1.1 (2.2), MaxSocks=32767, MaxUdp=65467
[2017.02.03-15.28.33:629][  0]LogSlate: Using Freetype 2.6.0
[2017.02.03-15.28.33:629][  0]LogSlate: SlateFontCache - WITH_FREETYPE: 1, WITH_HARFBUZZ: 1
[2017.02.03-15.28.33:629][  0]LogSlate: SlateFontCache - WITH_FREETYPE: 1, WITH_HARFBUZZ: 1
[2017.02.03-15.28.34:341][  0]LogTcpMessaging: Initializing TcpMessaging bridge
[2017.02.03-15.28.34:377][  0]LogUdpMessaging: Initializing bridge on interface 0.0.0.0:0 to multicast group 230.0.0.1:6666.
[2017.02.03-15.28.34:652][  0]LogMaterial: Uniform references updated for custom material expression Custom.
[2017.02.03-15.28.35:008][  0]SourceControl: Info Source control is disabled
[2017.02.03-15.28.35:034][  0]SourceControl: Info Source control is disabled
[2017.02.03-15.28.35:074][  0]SourceControl: Info Source control is disabled
[2017.02.03-15.28.35:111][  0]SourceControl: Info Source control is disabled
[2017.02.03-15.28.36:176][  0]LogEngine: Initializing Engine...
[2017.02.03-15.28.36:177][  0]LogHMD: Failed to initialize OpenVR with code 110
[2017.02.03-15.28.36:406][  0]LogAIModule: Creating AISystem for world Untitled
[2017.02.03-15.28.36:413][  0]LogInit: XAudio2 using 'Headphones (Realtek High Definition Audio(SST))' : 2 channels at 48 kHz using 32 bits per sample (channel mask 0x3)
[2017.02.03-15.28.36:434][  0]LogInit: FAudioDevice initialized.
[2017.02.03-15.28.36:460][  0]LogDerivedDataCache: Saved boot cache 0.03s 50MB C:/Users/Joe/AppData/Local/UnrealEngine/4.14/DerivedDataCache/Boot.ddc.
[2017.02.03-15.28.36:468][  0]LogInit: Texture streaming: Enabled
[2017.02.03-15.28.36:636][  0]LogInit: Transaction tracking system initialized
[2017.02.03-15.28.36:942][  0]BlueprintLog: New page: Editor Load
[2017.02.03-15.28.37:714][  0]LocalizationService: Info Localization service is disabled
[2017.02.03-15.28.38:267][  0]LogConsoleResponse:Display: 
[2017.02.03-15.28.38:431][  0]LogCook:Display: Max memory allowance for cook 16384mb min free memory 0mb
[2017.02.03-15.28.38:431][  0]LogCook:Display: Mobile HDR setting 1
[2017.02.03-15.28.39:222][  0]LogFileCache: Scanning file cache for directory 'C:/Users/Joe/Documents/Unreal Projects/UnrealProj/Content/' took 0.02s
[2017.02.03-15.28.39:260][  0]SourceControl: Info Source control is disabled
[2017.02.03-15.28.39:260][  0]Cmd: MAP LOAD FILE="../../../../../../Users/Joe/Documents/Unreal Projects/UnrealProj/Content/TwinStickBP/Maps/TwinStickExampleMap.umap" TEMPLATE=0 SHOWPROGRESS=1 FEATURELEVEL=3
[2017.02.03-15.28.39:290][  0]LightingResults: New page: Lighting Build
[2017.02.03-15.28.39:324][  0]MapCheck: New page: Map Check
[2017.02.03-15.28.39:324][  0]LightingResults: New page: Lighting Build
[2017.02.03-15.28.39:875][  0]LogAIModule: Creating AISystem for world TwinStickExampleMap
[2017.02.03-15.28.39:884][  0]LogEditorServer: Finished looking for orphan Actors (0.000 secs)
[2017.02.03-15.28.39:885][  0]Cmd: MAP CHECKDEP NOCLEARLOG
[2017.02.03-15.28.39:919][  0]MapCheck: Info Map check complete: 0 Error(s), 0 Warning(s), took 34.329ms to complete.
[2017.02.03-15.28.39:920][  0]LogFileHelpers: Loading map 'TwinStickExampleMap' took 0.660
[2017.02.03-15.28.39:981][  0]LogWindowsTextInputMethodSystem:Display: IME system now deactivated.
[2017.02.03-15.28.39:981][  0]LogWindowsTextInputMethodSystem:Display: IME system now deactivated.
[2017.02.03-15.28.40:105][  0]LogCollectionManager: Loaded 0 collections in 0.001841 seconds
[2017.02.03-15.28.40:222][  0]LogFileCache: Scanning file cache for directory 'C:/Users/Joe/Documents/Unreal Projects/UnrealProj/Saved/Collections/' took 0.01s
[2017.02.03-15.28.40:222][  0]LogFileCache: Scanning file cache for directory 'C:/Users/Joe/Documents/Unreal Projects/UnrealProj/Content/Developers/Joe/Collections/' took 0.01s
[2017.02.03-15.28.40:222][  0]LogFileCache: Scanning file cache for directory 'C:/Users/Joe/Documents/Unreal Projects/UnrealProj/Content/Collections/' took 0.01s
[2017.02.03-15.28.40:222][  0]LogCollectionManager: Rebuilt the GUID cache for 0 collections in 0.000003 seconds
[2017.02.03-15.28.40:236][  0]LogContentBrowser: Native class hierarchy populated in 0.0095 seconds. Added 2190 classes and 428 folders.
[2017.02.03-15.28.40:275][  0]LogStats: UGameplayTagsManager::ConstructGameplayTagTree: Construct from data asset -  0.000 s
[2017.02.03-15.28.40:275][  0]LogStats: UGameplayTagsManager::ConstructGameplayTagTree: GameplayTagTreeChangedEvent.Broadcast -  0.000 s
[2017.02.03-15.28.40:276][  0]LogContentBrowser: Native class hierarchy updated for 'GameplayTags' in 0.0006 seconds. Added 13 classes and 0 folders.
[2017.02.03-15.28.40:333][  0]LogContentBrowser: Native class hierarchy updated for 'WidgetCarousel' in 0.0004 seconds. Added 0 classes and 0 folders.
[2017.02.03-15.28.40:654][  0]LogContentBrowser: Native class hierarchy updated for 'AddContentDialog' in 0.0006 seconds. Added 0 classes and 0 folders.
[2017.02.03-15.28.40:697][  0]LogContentBrowser: Native class hierarchy updated for 'SceneOutliner' in 0.0005 seconds. Added 1 classes and 2 folders.
[2017.02.03-15.28.40:775][  0]LogCrashTracker: Crashtracker disabled due to settings.
[2017.02.03-15.28.40:791][  0]LogUObjectGlobals:Warning: Failed to find object 'Class None.'
[2017.02.03-15.28.40:863][  0]LogContentBrowser: Native class hierarchy updated for 'HierarchicalLODOutliner' in 0.0004 seconds. Added 1 classes and 2 folders.
[2017.02.03-15.28.40:863][  0]LogLoad: (Engine Initialization) Total time: 13.63 seconds
[2017.02.03-15.28.40:863][  0]LogLoad: (Engine Initialization) Total Blueprint compile time: 0.12 seconds
[2017.02.03-15.28.40:863][  0]LogExternalProfiler: Found external profiler: VSPerf
[2017.02.03-15.28.40:863][  0]LogExternalProfiler: Using external profiler: VSPerf
[2017.02.03-15.28.40:874][  0]LogOcInput: OculusInput pre-init called
[2017.02.03-15.28.40:893][  0]LogContentStreaming: Texture pool size now 1000 MB
[2017.02.03-15.28.41:132][  0]LogRenderer: Reallocating scene render targets to support 944x524 NumSamples 1 (Frame:2).
[2017.02.03-15.28.41:255][  1]LogAssetRegistry: Asset discovery search completed in 8.3899 seconds
[2017.02.03-15.28.41:255][  1]LogCollectionManager: Rebuilt the object cache for 0 collections in 0.000001 seconds (found 0 objects)
[2017.02.03-15.28.41:255][  1]LogCollectionManager: Fixed up redirectors for 0 collections in 0.000030 seconds (updated 0 objects)
[2017.02.03-15.28.44:703][133]LogContentBrowser: Native class hierarchy updated for 'BlueprintGraph' in 0.0008 seconds. Added 111 classes and 0 folders.
[2017.02.03-15.37.57:180][778]BlueprintLog: New page: Compile TwinStickProjectile
[2017.02.03-15.37.58:666][828]LogSavePackage: Save=29.44ms
[2017.02.03-15.37.58:666][828]LogSavePackage: Moving '../../../../../../Users/Joe/Documents/Unreal Projects/UnrealProj/Saved/TwinStickProjectileC2B689E34421348688C22C957A27E0C3.tmp' to '../../../../../../Users/Joe/Documents/Unreal Projects/UnrealProj/Content/TwinStickBP/Blueprints/TwinStickProjectile.uasset'
[2017.02.03-15.37.58:670][828]LogSavePackage:Display: Finished SavePackage ../../../../../../Users/Joe/Documents/Unreal Projects/UnrealProj/Content/TwinStickBP/Blueprints/TwinStickProjectile.uasset
[2017.02.03-15.38.00:117][897]LogTemp: Repeting last play command: Selected Viewport
[2017.02.03-15.38.00:164][897]LogPlayLevel: PlayLevel: No blueprints needed recompiling
[2017.02.03-15.38.00:165][897]PIE: New page: PIE session: TwinStickExampleMap (Feb 3, 2017, 5:38:00 AM)
[2017.02.03-15.38.00:166][897]LogPlayLevel: Creating play world package: /Game/TwinStickBP/Maps/UEDPIE_0_TwinStickExampleMap
[2017.02.03-15.38.00:172][897]LogPlayLevel: PIE: StaticDuplicateObject took: (0.006447s)
[2017.02.03-15.38.00:173][897]LogAIModule: Creating AISystem for world TwinStickExampleMap
[2017.02.03-15.38.00:173][897]LogPlayLevel: PIE: World Init took: (0.001262s)
[2017.02.03-15.38.00:174][897]LogPlayLevel: PIE: Created PIE world by copying editor world from /Game/TwinStickBP/Maps/TwinStickExampleMap.TwinStickExampleMap to /Game/TwinStickBP/Maps/UEDPIE_0_TwinStickExampleMap.TwinStickExampleMap (0.008515s)
[2017.02.03-15.38.00:206][897]LogInit: XAudio2 using 'Headphones (Realtek High Definition Audio(SST))' : 2 channels at 48 kHz using 32 bits per sample (channel mask 0x3)
[2017.02.03-15.38.00:213][897]LogInit: FAudioDevice initialized.
[2017.02.03-15.38.00:278][897]LogLoad: Game class is 'TwinStickGameMode_C'
[2017.02.03-15.38.00:282][897]LogWorld: Bringing World /Game/TwinStickBP/Maps/UEDPIE_0_TwinStickExampleMap.TwinStickExampleMap up for play (max tick rate 0) at 2017.02.03-10.38.00
[2017.02.03-15.38.00:282][897]LogWorld: Bringing up level for play took: 0.001591
[2017.02.03-15.38.00:322][897]LogContentBrowser: Native class hierarchy updated for 'MovieSceneCapture' in 0.0006 seconds. Added 11 classes and 0 folders.
[2017.02.03-15.38.00:323][897]PIE: Info Play in editor start time for /Game/TwinStickBP/Maps/UEDPIE_0_TwinStickExampleMap 0.434
[2017.02.03-15.38.06:887][222]LogTemp: Repeting last play command: Selected Viewport
[2017.02.03-15.38.06:901][222]LogPlayLevel: PlayLevel: No blueprints needed recompiling
[2017.02.03-15.38.06:901][222]PIE: New page: PIE session: TwinStickExampleMap (Feb 3, 2017, 5:38:06 AM)
[2017.02.03-15.38.06:901][222]LogPlayLevel: Creating play world package: /Game/TwinStickBP/Maps/UEDPIE_0_TwinStickExampleMap
[2017.02.03-15.38.06:907][222]LogPlayLevel: PIE: StaticDuplicateObject took: (0.005434s)
[2017.02.03-15.38.06:907][222]LogAIModule: Creating AISystem for world TwinStickExampleMap
[2017.02.03-15.38.06:907][222]LogPlayLevel: PIE: World Init took: (0.000716s)
[2017.02.03-15.38.06:908][222]LogPlayLevel: PIE: Created PIE world by copying editor world from /Game/TwinStickBP/Maps/TwinStickExampleMap.TwinStickExampleMap to /Game/TwinStickBP/Maps/UEDPIE_0_TwinStickExampleMap.TwinStickExampleMap (0.006337s)
[2017.02.03-15.38.06:940][222]LogInit: XAudio2 using 'Headphones (Realtek High Definition Audio(SST))' : 2 channels at 48 kHz using 32 bits per sample (channel mask 0x3)
[2017.02.03-15.38.06:946][222]LogInit: FAudioDevice initialized.
[2017.02.03-15.38.06:976][222]LogLoad: Game class is 'TwinStickGameMode_C'
[2017.02.03-15.38.06:978][222]LogWorld: Bringing World /Game/TwinStickBP/Maps/UEDPIE_0_TwinStickExampleMap.TwinStickExampleMap up for play (max tick rate 0) at 2017.02.03-10.38.06
[2017.02.03-15.38.06:979][222]LogWorld: Bringing up level for play took: 0.001942
[2017.02.03-15.38.06:980][222]PIE: Info Play in editor start time for /Game/TwinStickBP/Maps/UEDPIE_0_TwinStickExampleMap -0.909
[2017.02.03-15.41.29:121][285]LogFileHelpers: Editor autosave (incl. sublevels) for '/Game/TwinStickBP/Maps/TwinStickExampleMap' took 0.094
[2017.02.03-15.41.29:129][285]OBJ SavePackage: Generating thumbnails for [1] asset(s) in package [/Game/TwinStickBP/Blueprints/TwinStickProjectile] ([1] browsable assets)...
[2017.02.03-15.41.29:236][285]OBJ SavePackage:     Rendered thumbnail for [Blueprint /Game/TwinStickBP/Blueprints/TwinStickProjectile.TwinStickProjectile]
[2017.02.03-15.41.29:236][285]OBJ SavePackage: Finished generating thumbnails for package [/Game/TwinStickBP/Blueprints/TwinStickProjectile]
[2017.02.03-15.41.29:276][285]LogSavePackage: Save=35.18ms
[2017.02.03-15.41.29:276][285]LogSavePackage: Moving '../../../../../../Users/Joe/Documents/Unreal Projects/UnrealProj/Saved/TwinStickProjectile_Auto1B3C786E541F70BE90E7BCB8BD8FC7160.tmp' to '../../../../../../Users/Joe/Documents/Unreal Projects/UnrealProj/Saved/Autosaves/Game/TwinStickBP/Blueprints/TwinStickProjectile_Auto1.uasset'
[2017.02.03-15.41.29:278][285]LogSavePackage:Display: Finished SavePackage ../../../../../../Users/Joe/Documents/Unreal Projects/UnrealProj/Saved/Autosaves/Game/TwinStickBP/Blueprints/TwinStickProjectile_Auto1.uasset
[2017.02.03-15.41.29:278][285]LogFileHelpers: Auto-saving content packages took 0.154
[2017.02.03-15.42.29:585][205]BlueprintLog: New page: Compile TwinStickProjectile
[2017.02.03-15.42.31:532][248]LogSavePackage: Save=75.98ms
[2017.02.03-15.42.31:532][248]LogSavePackage: Moving '../../../../../../Users/Joe/Documents/Unreal Projects/UnrealProj/Saved/TwinStickProjectile6C0A549A46B6198FACE94E8466998025.tmp' to '../../../../../../Users/Joe/Documents/Unreal Projects/UnrealProj/Content/TwinStickBP/Blueprints/TwinStickProjectile.uasset'
[2017.02.03-15.42.31:538][248]LogSavePackage:Display: Finished SavePackage ../../../../../../Users/Joe/Documents/Unreal Projects/UnrealProj/Content/TwinStickBP/Blueprints/TwinStickProjectile.uasset
[2017.02.03-15.42.33:104][295]LogTemp: Repeting last play command: Selected Viewport
[2017.02.03-15.42.33:121][295]LogPlayLevel: PlayLevel: No blueprints needed recompiling
[2017.02.03-15.42.33:122][295]PIE: New page: PIE session: TwinStickExampleMap (Feb 3, 2017, 5:42:33 AM)
[2017.02.03-15.42.33:122][295]LogPlayLevel: Creating play world package: /Game/TwinStickBP/Maps/UEDPIE_0_TwinStickExampleMap
[2017.02.03-15.42.33:131][295]LogPlayLevel: PIE: StaticDuplicateObject took: (0.009748s)
[2017.02.03-15.42.33:132][295]LogAIModule: Creating AISystem for world TwinStickExampleMap
[2017.02.03-15.42.33:132][295]LogPlayLevel: PIE: World Init took: (0.000971s)
[2017.02.03-15.42.33:133][295]LogPlayLevel: PIE: Created PIE world by copying editor world from /Game/TwinStickBP/Maps/TwinStickExampleMap.TwinStickExampleMap to /Game/TwinStickBP/Maps/UEDPIE_0_TwinStickExampleMap.TwinStickExampleMap (0.011026s)
[2017.02.03-15.42.33:169][295]LogInit: XAudio2 using 'Headphones (Realtek High Definition Audio(SST))' : 2 channels at 48 kHz using 32 bits per sample (channel mask 0x3)
[2017.02.03-15.42.33:176][295]LogInit: FAudioDevice initialized.
[2017.02.03-15.42.33:219][295]LogLoad: Game class is 'TwinStickGameMode_C'
[2017.02.03-15.42.33:225][295]LogWorld: Bringing World /Game/TwinStickBP/Maps/UEDPIE_0_TwinStickExampleMap.TwinStickExampleMap up for play (max tick rate 0) at 2017.02.03-10.42.33
[2017.02.03-15.42.33:225][295]LogWorld: Bringing up level for play took: 0.004913
[2017.02.03-15.42.33:228][295]PIE: Info Play in editor start time for /Game/TwinStickBP/Maps/UEDPIE_0_TwinStickExampleMap -0.66
[2017.02.03-15.42.39:801][506]LogRenderer: Reallocating scene render targets to support 944x820 NumSamples 1 (Frame:14859).
[2017.02.03-15.42.51:539][943]LogTemp: Repeting last play command: Selected Viewport
[2017.02.03-15.42.51:555][943]LogPlayLevel: PlayLevel: No blueprints needed recompiling
[2017.02.03-15.42.51:556][943]PIE: New page: PIE session: TwinStickExampleMap (Feb 3, 2017, 5:42:51 AM)
[2017.02.03-15.42.51:556][943]LogPlayLevel: Creating play world package: /Game/TwinStickBP/Maps/UEDPIE_0_TwinStickExampleMap
[2017.02.03-15.42.51:562][943]LogPlayLevel: PIE: StaticDuplicateObject took: (0.006707s)
[2017.02.03-15.42.51:563][943]LogAIModule: Creating AISystem for world TwinStickExampleMap
[2017.02.03-15.42.51:563][943]LogPlayLevel: PIE: World Init took: (0.000886s)
[2017.02.03-15.42.51:564][943]LogPlayLevel: PIE: Created PIE world by copying editor world from /Game/TwinStickBP/Maps/TwinStickExampleMap.TwinStickExampleMap to /Game/TwinStickBP/Maps/UEDPIE_0_TwinStickExampleMap.TwinStickExampleMap (0.007909s)
[2017.02.03-15.42.51:608][943]LogInit: XAudio2 using 'Headphones (Realtek High Definition Audio(SST))' : 2 channels at 48 kHz using 32 bits per sample (channel mask 0x3)
[2017.02.03-15.42.51:625][943]LogInit: FAudioDevice initialized.
[2017.02.03-15.42.51:666][943]LogLoad: Game class is 'TwinStickGameMode_C'
[2017.02.03-15.42.51:672][943]LogWorld: Bringing World /Game/TwinStickBP/Maps/UEDPIE_0_TwinStickExampleMap.TwinStickExampleMap up for play (max tick rate 0) at 2017.02.03-10.42.51
[2017.02.03-15.42.51:673][943]LogWorld: Bringing up level for play took: 0.005418
[2017.02.03-15.42.51:674][943]PIE: Info Play in editor start time for /Game/TwinStickBP/Maps/UEDPIE_0_TwinStickExampleMap -0.214
[2017.02.03-15.44.04:129][875]BlueprintLog: New page: Compile TwinStickProjectile
[2017.02.03-15.44.05:372][898]LogSavePackage: Save=88.51ms
[2017.02.03-15.44.05:372][898]LogSavePackage: Moving '../../../../../../Users/Joe/Documents/Unreal Projects/UnrealProj/Saved/TwinStickProjectile892DE2224D19CB808B8D179C60260959.tmp' to '../../../../../../Users/Joe/Documents/Unreal Projects/UnrealProj/Content/TwinStickBP/Blueprints/TwinStickProjectile.uasset'
[2017.02.03-15.44.05:379][898]LogSavePackage:Display: Finished SavePackage ../../../../../../Users/Joe/Documents/Unreal Projects/UnrealProj/Content/TwinStickBP/Blueprints/TwinStickProjectile.uasset
[2017.02.03-15.44.07:748][987]LogTemp: Repeting last play command: Selected Viewport
[2017.02.03-15.44.07:764][987]LogPlayLevel: PlayLevel: No blueprints needed recompiling
[2017.02.03-15.44.07:764][987]PIE: New page: PIE session: TwinStickExampleMap (Feb 3, 2017, 5:44:07 AM)
[2017.02.03-15.44.07:764][987]LogPlayLevel: Creating play world package: /Game/TwinStickBP/Maps/UEDPIE_0_TwinStickExampleMap
[2017.02.03-15.44.07:772][987]LogPlayLevel: PIE: StaticDuplicateObject took: (0.008115s)
[2017.02.03-15.44.07:773][987]LogAIModule: Creating AISystem for world TwinStickExampleMap
[2017.02.03-15.44.07:773][987]LogPlayLevel: PIE: World Init took: (0.000860s)
[2017.02.03-15.44.07:774][987]LogPlayLevel: PIE: Created PIE world by copying editor world from /Game/TwinStickBP/Maps/TwinStickExampleMap.TwinStickExampleMap to /Game/TwinStickBP/Maps/UEDPIE_0_TwinStickExampleMap.TwinStickExampleMap (0.009290s)
[2017.02.03-15.44.07:864][987]LogInit: XAudio2 using 'Headphones (Realtek High Definition Audio(SST))' : 2 channels at 48 kHz using 32 bits per sample (channel mask 0x3)
[2017.02.03-15.44.07:881][987]LogInit: FAudioDevice initialized.
[2017.02.03-15.44.07:922][987]LogLoad: Game class is 'TwinStickGameMode_C'
[2017.02.03-15.44.07:927][987]LogWorld: Bringing World /Game/TwinStickBP/Maps/UEDPIE_0_TwinStickExampleMap.TwinStickExampleMap up for play (max tick rate 0) at 2017.02.03-10.44.07
[2017.02.03-15.44.07:928][987]LogWorld: Bringing up level for play took: 0.004814
[2017.02.03-15.44.07:931][987]PIE: Info Play in editor start time for /Game/TwinStickBP/Maps/UEDPIE_0_TwinStickExampleMap 0.042
[2017.02.03-15.49.22:107][175]LogTemp: Repeting last play command: Selected Viewport
[2017.02.03-15.49.22:125][175]LogPlayLevel: PlayLevel: No blueprints needed recompiling
[2017.02.03-15.49.22:125][175]PIE: New page: PIE session: TwinStickExampleMap (Feb 3, 2017, 5:49:22 AM)
[2017.02.03-15.49.22:125][175]LogPlayLevel: Creating play world package: /Game/TwinStickBP/Maps/UEDPIE_0_TwinStickExampleMap
[2017.02.03-15.49.22:133][175]LogPlayLevel: PIE: StaticDuplicateObject took: (0.007839s)
[2017.02.03-15.49.22:134][175]LogAIModule: Creating AISystem for world TwinStickExampleMap
[2017.02.03-15.49.22:134][175]LogPlayLevel: PIE: World Init took: (0.000911s)
[2017.02.03-15.49.22:134][175]LogPlayLevel: PIE: Created PIE world by copying editor world from /Game/TwinStickBP/Maps/TwinStickExampleMap.TwinStickExampleMap to /Game/TwinStickBP/Maps/UEDPIE_0_TwinStickExampleMap.TwinStickExampleMap (0.009064s)
[2017.02.03-15.49.22:186][175]LogInit: XAudio2 using 'Headphones (Realtek High Definition Audio(SST))' : 2 channels at 48 kHz using 32 bits per sample (channel mask 0x3)
[2017.02.03-15.49.22:215][175]LogInit: FAudioDevice initialized.
[2017.02.03-15.49.22:271][175]LogLoad: Game class is 'TwinStickGameMode_C'
[2017.02.03-15.49.22:278][175]LogWorld: Bringing World /Game/TwinStickBP/Maps/UEDPIE_0_TwinStickExampleMap.TwinStickExampleMap up for play (max tick rate 0) at 2017.02.03-10.49.22
[2017.02.03-15.49.22:279][175]LogWorld: Bringing up level for play took: 0.006838
[2017.02.03-15.49.22:283][175]PIE: Info Play in editor start time for /Game/TwinStickBP/Maps/UEDPIE_0_TwinStickExampleMap 0.394
[2017.02.03-15.51.18:357][662]BlueprintLog: New page: Compile TwinStickProjectile
[2017.02.03-15.51.19:927][676]LogSavePackage: Save=110.75ms
[2017.02.03-15.51.19:928][676]LogSavePackage: Moving '../../../../../../Users/Joe/Documents/Unreal Projects/UnrealProj/Saved/TwinStickProjectileA16569D242C118955BE50AB34C066346.tmp' to '../../../../../../Users/Joe/Documents/Unreal Projects/UnrealProj/Content/TwinStickBP/Blueprints/TwinStickProjectile.uasset'
[2017.02.03-15.51.19:937][676]LogSavePackage:Display: Finished SavePackage ../../../../../../Users/Joe/Documents/Unreal Projects/UnrealProj/Content/TwinStickBP/Blueprints/TwinStickProjectile.uasset
[2017.02.03-15.51.22:849][780]LogTemp: Repeting last play command: Selected Viewport
[2017.02.03-15.51.22:866][780]LogPlayLevel: PlayLevel: No blueprints needed recompiling
[2017.02.03-15.51.22:866][780]PIE: New page: PIE session: TwinStickExampleMap (Feb 3, 2017, 5:51:22 AM)
[2017.02.03-15.51.22:866][780]LogPlayLevel: Creating play world package: /Game/TwinStickBP/Maps/UEDPIE_0_TwinStickExampleMap
[2017.02.03-15.51.22:872][780]LogPlayLevel: PIE: StaticDuplicateObject took: (0.006172s)
[2017.02.03-15.51.22:873][780]LogAIModule: Creating AISystem for world TwinStickExampleMap
[2017.02.03-15.51.22:873][780]LogPlayLevel: PIE: World Init took: (0.000796s)
[2017.02.03-15.51.22:873][780]LogPlayLevel: PIE: Created PIE world by copying editor world from /Game/TwinStickBP/Maps/TwinStickExampleMap.TwinStickExampleMap to /Game/TwinStickBP/Maps/UEDPIE_0_TwinStickExampleMap.TwinStickExampleMap (0.007218s)
[2017.02.03-15.51.22:952][780]LogInit: XAudio2 using 'Headphones (Realtek High Definition Audio(SST))' : 2 channels at 48 kHz using 32 bits per sample (channel mask 0x3)
[2017.02.03-15.51.22:969][780]LogInit: FAudioDevice initialized.
[2017.02.03-15.51.23:015][780]LogLoad: Game class is 'TwinStickGameMode_C'
[2017.02.03-15.51.23:021][780]LogWorld: Bringing World /Game/TwinStickBP/Maps/UEDPIE_0_TwinStickExampleMap.TwinStickExampleMap up for play (max tick rate 0) at 2017.02.03-10.51.23
[2017.02.03-15.51.23:021][780]LogWorld: Bringing up level for play took: 0.005491
[2017.02.03-15.51.23:023][780]PIE: Info Play in editor start time for /Game/TwinStickBP/Maps/UEDPIE_0_TwinStickExampleMap 1.135
[2017.02.03-15.53.37:348][887]BlueprintLog: New page: Compile TwinStickProjectile
[2017.02.03-15.53.38:582][893]LogSavePackage: Save=50.96ms
[2017.02.03-15.53.38:582][893]LogSavePackage: Moving '../../../../../../Users/Joe/Documents/Unreal Projects/UnrealProj/Saved/TwinStickProjectileD81C89364A52923A7AAB4F8AF378839D.tmp' to '../../../../../../Users/Joe/Documents/Unreal Projects/UnrealProj/Content/TwinStickBP/Blueprints/TwinStickProjectile.uasset'
[2017.02.03-15.53.38:594][893]LogSavePackage:Display: Finished SavePackage ../../../../../../Users/Joe/Documents/Unreal Projects/UnrealProj/Content/TwinStickBP/Blueprints/TwinStickProjectile.uasset
[2017.02.03-15.53.42:122][990]LogSavePackage: Save=60.76ms
[2017.02.03-15.53.42:122][990]LogSavePackage: Moving '../../../../../../Users/Joe/Documents/Unreal Projects/UnrealProj/Saved/TwinStickProjectileF0DBAB4F4C92FB4D161F669A832D843A.tmp' to '../../../../../../Users/Joe/Documents/Unreal Projects/UnrealProj/Content/TwinStickBP/Blueprints/TwinStickProjectile.uasset'
[2017.02.03-15.53.42:124][990]LogSavePackage:Display: Finished SavePackage ../../../../../../Users/Joe/Documents/Unreal Projects/UnrealProj/Content/TwinStickBP/Blueprints/TwinStickProjectile.uasset
[2017.02.03-15.53.43:242][ 22]LogTemp: Repeting last play command: Selected Viewport
[2017.02.03-15.53.43:258][ 22]LogPlayLevel: PlayLevel: No blueprints needed recompiling
[2017.02.03-15.53.43:258][ 22]PIE: New page: PIE session: TwinStickExampleMap (Feb 3, 2017, 5:53:43 AM)
[2017.02.03-15.53.43:258][ 22]LogPlayLevel: Creating play world package: /Game/TwinStickBP/Maps/UEDPIE_0_TwinStickExampleMap
[2017.02.03-15.53.43:266][ 22]LogPlayLevel: PIE: StaticDuplicateObject took: (0.007775s)
[2017.02.03-15.53.43:267][ 22]LogAIModule: Creating AISystem for world TwinStickExampleMap
[2017.02.03-15.53.43:267][ 22]LogPlayLevel: PIE: World Init took: (0.000891s)
[2017.02.03-15.53.43:267][ 22]LogPlayLevel: PIE: Created PIE world by copying editor world from /Game/TwinStickBP/Maps/TwinStickExampleMap.TwinStickExampleMap to /Game/TwinStickBP/Maps/UEDPIE_0_TwinStickExampleMap.TwinStickExampleMap (0.008969s)
[2017.02.03-15.53.43:321][ 22]LogInit: XAudio2 using 'Headphones (Realtek High Definition Audio(SST))' : 2 channels at 48 kHz using 32 bits per sample (channel mask 0x3)
[2017.02.03-15.53.43:344][ 22]LogInit: FAudioDevice initialized.
[2017.02.03-15.53.43:395][ 22]LogLoad: Game class is 'TwinStickGameMode_C'
[2017.02.03-15.53.43:403][ 22]LogWorld: Bringing World /Game/TwinStickBP/Maps/UEDPIE_0_TwinStickExampleMap.TwinStickExampleMap up for play (max tick rate 0) at 2017.02.03-10.53.43
[2017.02.03-15.53.43:404][ 22]LogWorld: Bringing up level for play took: 0.007154
[2017.02.03-15.53.43:407][ 22]PIE: Info Play in editor start time for /Game/TwinStickBP/Maps/UEDPIE_0_TwinStickExampleMap -0.482
[2017.02.03-15.53.49:221][229]LogTemp: Repeting last play command: Selected Viewport
[2017.02.03-15.53.49:237][229]LogPlayLevel: PlayLevel: No blueprints needed recompiling
[2017.02.03-15.53.49:237][229]PIE: New page: PIE session: TwinStickExampleMap (Feb 3, 2017, 5:53:49 AM)
[2017.02.03-15.53.49:237][229]LogPlayLevel: Creating play world package: /Game/TwinStickBP/Maps/UEDPIE_0_TwinStickExampleMap
[2017.02.03-15.53.49:243][229]LogPlayLevel: PIE: StaticDuplicateObject took: (0.005287s)
[2017.02.03-15.53.49:243][229]LogAIModule: Creating AISystem for world TwinStickExampleMap
[2017.02.03-15.53.49:243][229]LogPlayLevel: PIE: World Init took: (0.000840s)
[2017.02.03-15.53.49:244][229]LogPlayLevel: PIE: Created PIE world by copying editor world from /Game/TwinStickBP/Maps/TwinStickExampleMap.TwinStickExampleMap to /Game/TwinStickBP/Maps/UEDPIE_0_TwinStickExampleMap.TwinStickExampleMap (0.006417s)
[2017.02.03-15.53.49:298][229]LogInit: XAudio2 using 'Headphones (Realtek High Definition Audio(SST))' : 2 channels at 48 kHz using 32 bits per sample (channel mask 0x3)
[2017.02.03-15.53.49:315][229]LogInit: FAudioDevice initialized.
[2017.02.03-15.53.49:358][229]LogLoad: Game class is 'TwinStickGameMode_C'
[2017.02.03-15.53.49:365][229]LogWorld: Bringing World /Game/TwinStickBP/Maps/UEDPIE_0_TwinStickExampleMap.TwinStickExampleMap up for play (max tick rate 0) at 2017.02.03-10.53.49
[2017.02.03-15.53.49:366][229]LogWorld: Bringing up level for play took: 0.006842
[2017.02.03-15.53.49:368][229]PIE: Info Play in editor start time for /Game/TwinStickBP/Maps/UEDPIE_0_TwinStickExampleMap -0.521
[2017.02.03-16.02.00:874][250]LogFileHelpers: Editor autosave (incl. sublevels) for '/Game/TwinStickBP/Maps/TwinStickExampleMap' took 0.120
[2017.02.03-16.02.00:876][250]OBJ SavePackage: Generating thumbnails for [1] asset(s) in package [/Game/TwinStickBP/Blueprints/TwinStickProjectile] ([1] browsable assets)...
[2017.02.03-16.02.00:956][250]OBJ SavePackage:     Rendered thumbnail for [Blueprint /Game/TwinStickBP/Blueprints/TwinStickProjectile.TwinStickProjectile]
[2017.02.03-16.02.00:956][250]OBJ SavePackage: Finished generating thumbnails for package [/Game/TwinStickBP/Blueprints/TwinStickProjectile]
[2017.02.03-16.02.01:011][250]LogSavePackage: Save=46.32ms
[2017.02.03-16.02.01:011][250]LogSavePackage: Moving '../../../../../../Users/Joe/Documents/Unreal Projects/UnrealProj/Saved/TwinStickProjectile_Auto28110D762441D8D240EB04B8B5E67E679.tmp' to '../../../../../../Users/Joe/Documents/Unreal Projects/UnrealProj/Saved/Autosaves/Game/TwinStickBP/Blueprints/TwinStickProjectile_Auto2.uasset'
[2017.02.03-16.02.01:015][250]LogSavePackage:Display: Finished SavePackage ../../../../../../Users/Joe/Documents/Unreal Projects/UnrealProj/Saved/Autosaves/Game/TwinStickBP/Blueprints/TwinStickProjectile_Auto2.uasset
[2017.02.03-16.02.01:015][250]LogFileHelpers: Auto-saving content packages took 0.140
[2017.02.03-16.13.51:535][307]LogTemp: Repeting last play command: Selected Viewport
[2017.02.03-16.13.51:556][307]BlueprintLog: New page: Pre-Play auto-recompile
[2017.02.03-16.13.51:556][307]LogPlayLevel: [PlayLevel] Compiling TwinStickProjectile before play...
[2017.02.03-16.13.51:607][307]LogBlueprint:Error: [Compiler TwinStickProjectile] Error The current value of the ' SpawnTransform ' pin is invalid: 'Spawn Transform' must have an input wired into it ("by ref" params expect a valid input to operate on).
[2017.02.03-16.13.51:608][307]LogBlueprint:Error: [Compiler TwinStickProjectile] Error The current value of the ' SpawnTransform ' pin is invalid: 'Spawn Transform' must have an input wired into it ("by ref" params expect a valid input to operate on).
[2017.02.03-16.13.51:914][307]LogBlueprint:Warning: [Compiler TwinStickProjectile] Warning [2724.68] Compile of TwinStickProjectile failed. 2 Fatal Issue(s) 0 Warning(s) [in 346 ms] (/Game/TwinStickBP/Blueprints/TwinStickProjectile.TwinStickProjectile)
[2017.02.03-16.13.51:914][307]LogBlueprint:Warning: [Compiler TwinStickProjectile] Warning [2724.68] Compile of TwinStickProjectile failed. 2 Fatal Issue(s) 1 Warning(s) [in 0 ms] (/Game/TwinStickBP/Blueprints/TwinStickProjectile.TwinStickProjectile)
[2017.02.03-16.13.51:914][307]LogBlueprint:Warning: [Compiler TwinStickProjectile] Warning [2724.68] Compile of TwinStickProjectile failed. 2 Fatal Issue(s) 2 Warning(s) [in 0 ms] (/Game/TwinStickBP/Blueprints/TwinStickProjectile.TwinStickProjectile)
[2017.02.03-16.13.51:914][307]LogBlueprint:Warning: [Compiler TwinStickProjectile] Warning [2724.68] Compile of TwinStickProjectile failed. 2 Fatal Issue(s) 3 Warning(s) [in 0 ms] (/Game/TwinStickBP/Blueprints/TwinStickProjectile.TwinStickProjectile)
[2017.02.03-16.13.51:917][307]LogBlueprint:Warning: [Compiler TwinStickProjectile] Warning [2724.69] Compile of TwinStickProjectile failed. 2 Fatal Issue(s) 4 Warning(s) [in 2 ms] (/Game/TwinStickBP/Blueprints/TwinStickProjectile.TwinStickProjectile)
[2017.02.03-16.13.51:918][307]LogBlueprint:Warning: [Compiler TwinStickProjectile] Warning [2724.69] Compile of TwinStickProjectile failed. 2 Fatal Issue(s) 5 Warning(s) [in 0 ms] (/Game/TwinStickBP/Blueprints/TwinStickProjectile.TwinStickProjectile)
[2017.02.03-16.13.51:965][307]LogPlayLevel: PlayLevel: Blueprint regeneration took 409 ms (1 blueprints)
[2017.02.03-16.13.51:965][307]BlueprintLog: Info Blueprint TwinStickProjectile failed to compile
[2017.02.03-16.13.57:122][354]BlueprintLog: New page: Compile TwinStickProjectile
[2017.02.03-16.13.57:138][354]LogBlueprint:Error: [Compiler TwinStickProjectile] Error The current value of the ' SpawnTransform ' pin is invalid: 'Spawn Transform' must have an input wired into it ("by ref" params expect a valid input to operate on).
[2017.02.03-16.13.57:139][354]LogBlueprint:Error: [Compiler TwinStickProjectile] Error The current value of the ' SpawnTransform ' pin is invalid: 'Spawn Transform' must have an input wired into it ("by ref" params expect a valid input to operate on).
[2017.02.03-16.13.57:351][354]BlueprintEditorCompileResults:Error: Error The current value of the ' SpawnTransform ' pin is invalid: 'Spawn Transform' must have an input wired into it ("by ref" params expect a valid input to operate on).
[2017.02.03-16.13.57:351][354]BlueprintEditorCompileResults:Error: Error The current value of the ' SpawnTransform ' pin is invalid: 'Spawn Transform' must have an input wired into it ("by ref" params expect a valid input to operate on).
[2017.02.03-16.13.57:352][354]LogBlueprint:Warning: [Compiler TwinStickProjectile] Warning [2730.12] Compile of TwinStickProjectile failed. 2 Fatal Issue(s) 0 Warning(s) [in 229 ms] (/Game/TwinStickBP/Blueprints/TwinStickProjectile.TwinStickProjectile)
[2017.02.03-16.14.56:535][604]LogFileHelpers: Editor autosave (incl. sublevels) for '/Game/TwinStickBP/Maps/TwinStickExampleMap' took 0.057
[2017.02.03-16.14.56:537][604]OBJ SavePackage: Generating thumbnails for [1] asset(s) in package [/Game/TwinStickBP/Blueprints/TwinStickProjectile] ([1] browsable assets)...
[2017.02.03-16.14.56:584][604]OBJ SavePackage:     Rendered thumbnail for [Blueprint /Game/TwinStickBP/Blueprints/TwinStickProjectile.TwinStickProjectile]
[2017.02.03-16.14.56:585][604]OBJ SavePackage: Finished generating thumbnails for package [/Game/TwinStickBP/Blueprints/TwinStickProjectile]
[2017.02.03-16.14.56:689][604]LogSavePackage: Save=70.83ms
[2017.02.03-16.14.56:689][604]LogSavePackage: Moving '../../../../../../Users/Joe/Documents/Unreal Projects/UnrealProj/Saved/TwinStickProjectile_Auto3FD3A638644D940CC67F364ACF8CFCFC6.tmp' to '../../../../../../Users/Joe/Documents/Unreal Projects/UnrealProj/Saved/Autosaves/Game/TwinStickBP/Blueprints/TwinStickProjectile_Auto3.uasset'
[2017.02.03-16.14.56:720][604]LogSavePackage:Display: Finished SavePackage ../../../../../../Users/Joe/Documents/Unreal Projects/UnrealProj/Saved/Autosaves/Game/TwinStickBP/Blueprints/TwinStickProjectile_Auto3.uasset
[2017.02.03-16.14.56:720][604]LogFileHelpers: Auto-saving content packages took 0.184
[2017.02.03-16.15.25:213][678]LogTexture:Display: Building textures: BlueprintMacroLibrary_64x (BGRA8)
[2017.02.03-16.15.28:616][825]Cmd: TRANSACTION UNDO
[2017.02.03-16.15.28:616][825]LogEditorTransaction: Undo Create Pin Link
[2017.02.03-16.16.09:619][472]BlueprintLog: New page: Compile TwinStickProjectile
[2017.02.03-16.16.09:636][472]LogBlueprint:Error: [Compiler TwinStickProjectile] Error The current value of the ' SpawnTransform ' pin is invalid: 'Spawn Transform' must have an input wired into it ("by ref" params expect a valid input to operate on).
[2017.02.03-16.16.09:636][472]LogBlueprint:Error: [Compiler TwinStickProjectile] Error The current value of the ' SpawnTransform ' pin is invalid: 'Spawn Transform' must have an input wired into it ("by ref" params expect a valid input to operate on).
[2017.02.03-16.16.09:916][472]BlueprintEditorCompileResults:Error: Error The current value of the ' SpawnTransform ' pin is invalid: 'Spawn Transform' must have an input wired into it ("by ref" params expect a valid input to operate on).
[2017.02.03-16.16.09:916][472]BlueprintEditorCompileResults:Error: Error The current value of the ' SpawnTransform ' pin is invalid: 'Spawn Transform' must have an input wired into it ("by ref" params expect a valid input to operate on).
[2017.02.03-16.16.09:916][472]LogBlueprint:Warning: [Compiler TwinStickProjectile] Warning [2862.68] Compile of TwinStickProjectile failed. 2 Fatal Issue(s) 0 Warning(s) [in 297 ms] (/Game/TwinStickBP/Blueprints/TwinStickProjectile.TwinStickProjectile)
[2017.02.03-16.16.34:902][494]BlueprintLog: New page: Compile TwinStickProjectile
[2017.02.03-16.16.51:066][139]BlueprintLog: New page: Compile TwinStickProjectile
[2017.02.03-16.16.53:286][212]LogSavePackage: Save=85.96ms
[2017.02.03-16.16.53:286][212]LogSavePackage: Moving '../../../../../../Users/Joe/Documents/Unreal Projects/UnrealProj/Saved/TwinStickProjectileB71268C84E471BDE24F908933BBFB025.tmp' to '../../../../../../Users/Joe/Documents/Unreal Projects/UnrealProj/Content/TwinStickBP/Blueprints/TwinStickProjectile.uasset'
[2017.02.03-16.16.53:289][212]LogSavePackage:Display: Finished SavePackage ../../../../../../Users/Joe/Documents/Unreal Projects/UnrealProj/Content/TwinStickBP/Blueprints/TwinStickProjectile.uasset
[2017.02.03-16.16.54:258][248]LogTemp: Repeting last play command: Selected Viewport
[2017.02.03-16.16.54:277][248]LogPlayLevel: PlayLevel: No blueprints needed recompiling
[2017.02.03-16.16.54:278][248]PIE: New page: PIE session: TwinStickExampleMap (Feb 3, 2017, 6:16:54 AM)
[2017.02.03-16.16.54:278][248]LogPlayLevel: Creating play world package: /Game/TwinStickBP/Maps/UEDPIE_0_TwinStickExampleMap
[2017.02.03-16.16.54:285][248]LogPlayLevel: PIE: StaticDuplicateObject took: (0.007003s)
[2017.02.03-16.16.54:285][248]LogAIModule: Creating AISystem for world TwinStickExampleMap
[2017.02.03-16.16.54:286][248]LogPlayLevel: PIE: World Init took: (0.000858s)
[2017.02.03-16.16.54:286][248]LogPlayLevel: PIE: Created PIE world by copying editor world from /Game/TwinStickBP/Maps/TwinStickExampleMap.TwinStickExampleMap to /Game/TwinStickBP/Maps/UEDPIE_0_TwinStickExampleMap.TwinStickExampleMap (0.008174s)
[2017.02.03-16.16.54:329][248]LogInit: XAudio2 using 'Headphones (Realtek High Definition Audio(SST))' : 2 channels at 48 kHz using 32 bits per sample (channel mask 0x3)
[2017.02.03-16.16.54:353][248]LogInit: FAudioDevice initialized.
[2017.02.03-16.16.54:392][248]LogLoad: Game class is 'TwinStickGameMode_C'
[2017.02.03-16.16.54:394][248]LogWorld: Bringing World /Game/TwinStickBP/Maps/UEDPIE_0_TwinStickExampleMap.TwinStickExampleMap up for play (max tick rate 0) at 2017.02.03-11.16.54
[2017.02.03-16.16.54:394][248]LogWorld: Bringing up level for play took: 0.001689
[2017.02.03-16.16.54:396][248]PIE: Info Play in editor start time for /Game/TwinStickBP/Maps/UEDPIE_0_TwinStickExampleMap 0.507
[2017.02.03-16.16.58:365][419]LogTemp: Repeting last play command: Selected Viewport
[2017.02.03-16.16.58:380][419]LogPlayLevel: PlayLevel: No blueprints needed recompiling
[2017.02.03-16.16.58:381][419]PIE: New page: PIE session: TwinStickExampleMap (Feb 3, 2017, 6:16:58 AM)
[2017.02.03-16.16.58:381][419]LogPlayLevel: Creating play world package: /Game/TwinStickBP/Maps/UEDPIE_0_TwinStickExampleMap
[2017.02.03-16.16.58:387][419]LogPlayLevel: PIE: StaticDuplicateObject took: (0.005986s)
[2017.02.03-16.16.58:387][419]LogAIModule: Creating AISystem for world TwinStickExampleMap
[2017.02.03-16.16.58:388][419]LogPlayLevel: PIE: World Init took: (0.000762s)
[2017.02.03-16.16.58:388][419]LogPlayLevel: PIE: Created PIE world by copying editor world from /Game/TwinStickBP/Maps/TwinStickExampleMap.TwinStickExampleMap to /Game/TwinStickBP/Maps/UEDPIE_0_TwinStickExampleMap.TwinStickExampleMap (0.007025s)
[2017.02.03-16.16.58:425][419]LogInit: XAudio2 using 'Headphones (Realtek High Definition Audio(SST))' : 2 channels at 48 kHz using 32 bits per sample (channel mask 0x3)
[2017.02.03-16.16.58:432][419]LogInit: FAudioDevice initialized.
[2017.02.03-16.16.58:475][419]LogLoad: Game class is 'TwinStickGameMode_C'
[2017.02.03-16.16.58:483][419]LogWorld: Bringing World /Game/TwinStickBP/Maps/UEDPIE_0_TwinStickExampleMap.TwinStickExampleMap up for play (max tick rate 0) at 2017.02.03-11.16.58
[2017.02.03-16.16.58:483][419]LogWorld: Bringing up level for play took: 0.007187
[2017.02.03-16.16.58:486][419]PIE: Info Play in editor start time for /Game/TwinStickBP/Maps/UEDPIE_0_TwinStickExampleMap 0.597
[2017.02.03-16.18.34:331][859]LogScript:Warning: Runaway loop detected (over 1,000,000 iterations) - see log for stack trace
	TwinStickProjectile_C /Game/TwinStickBP/Maps/UEDPIE_0_TwinStickExampleMap.TwinStickExampleMap:PersistentLevel.TwinStickProjectile_C_8841
	Function /Game/TwinStickBP/Blueprints/TwinStickProjectile.TwinStickProjectile_C:ExecuteUbergraph_TwinStickProjectile:03A5
